<?xml version="1.0" encoding="utf-8"?>
<coverage line-rate="1" branch-rate="1" version="1.9" timestamp="1764065326" lines-covered="9" lines-valid="9" branches-covered="2" branches-valid="2">
  <sources>
    <source>D:\</source>
  </sources>
  <packages>
    <package name="PlayerCode" line-rate="1" branch-rate="1" complexity="2">
      <classes>
        <class name="PalindromeChecker" filename="workspace\Test-Royale\Backend\temp\player_692446a022ce941a3f0cc933_1764065304158\PlayerCode\BaseCode.cs" line-rate="1" branch-rate="1" complexity="2">
          <methods>
            <method name="IsPalindrome" signature="(System.String)" line-rate="1" branch-rate="1" complexity="2">
              <lines>
                <line number="4" hits="2" branch="False" />
                <line number="5" hits="2" branch="False" />
                <line number="6" hits="2" branch="False" />
                <line number="7" hits="24" branch="True" condition-coverage="100% (2/2)">
                  <conditions>
                    <condition number="69" type="jump" coverage="100%" />
                  </conditions>
                </line>
                <line number="8" hits="10" branch="False" />
                <line number="9" hits="10" branch="False" />
                <line number="10" hits="10" branch="False" />
                <line number="11" hits="2" branch="False" />
                <line number="12" hits="2" branch="False" />
              </lines>
            </method>
          </methods>
          <lines>
            <line number="4" hits="2" branch="False" />
            <line number="5" hits="2" branch="False" />
            <line number="6" hits="2" branch="False" />
            <line number="7" hits="24" branch="True" condition-coverage="100% (2/2)">
              <conditions>
                <condition number="69" type="jump" coverage="100%" />
              </conditions>
            </line>
            <line number="8" hits="10" branch="False" />
            <line number="9" hits="10" branch="False" />
            <line number="10" hits="10" branch="False" />
            <line number="11" hits="2" branch="False" />
            <line number="12" hits="2" branch="False" />
          </lines>
        </class>
      </classes>
    </package>
  </packages>
</coverage>