<?xml version="1.0" encoding="utf-8"?>
<TestRun id="720e6331-c3ca-4501-8ca7-fef7bdfe58d7" name="menna@LAPTOP-CNEJ55L0 2025-11-25 12:08:46" runUser="LAPTOP-CNEJ55L0\menna" xmlns="http://microsoft.com/schemas/VisualStudio/TeamTest/2010">
  <Times creation="2025-11-25T12:08:46.6272473+02:00" queuing="2025-11-25T12:08:46.6272482+02:00" start="2025-11-25T12:08:41.8713261+02:00" finish="2025-11-25T12:08:46.6389546+02:00" />
  <TestSettings name="default" id="979311a9-3d57-45fb-a9d2-9436b37eaaea">
    <Deployment runDeploymentRoot="menna_LAPTOP-CNEJ55L0_2025-11-25_12_08_46" />
  </TestSettings>
  <Results>
    <UnitTestResult executionId="2b759220-00e7-4ea3-a1f1-977dcbeb7cfd" testId="1ba8af14-6411-4647-434a-23fa622fb8fe" testName="Test_Hello_IsNotPalindrome" computerName="LAPTOP-CNEJ55L0" duration="00:00:00.0002811" startTime="2025-11-25T12:08:46.0500452+02:00" endTime="2025-11-25T12:08:46.0520305+02:00" testType="13cdc9d9-ddb5-4fa4-a97d-d965ccfc6d4b" outcome="Passed" testListId="8c84fa94-04c1-424b-9868-57a2d4851a1d" relativeResultsDirectory="2b759220-00e7-4ea3-a1f1-977dcbeb7cfd" />
    <UnitTestResult executionId="f802026e-d29a-4a73-979f-4897a4516b3c" testId="799f9de9-d9e4-bf25-cedc-ecb5a5de308b" testName="Test_Level_IsPalindrome" computerName="LAPTOP-CNEJ55L0" duration="00:00:00.0089407" startTime="2025-11-25T12:08:46.0092126+02:00" endTime="2025-11-25T12:08:46.0359807+02:00" testType="13cdc9d9-ddb5-4fa4-a97d-d965ccfc6d4b" outcome="Passed" testListId="8c84fa94-04c1-424b-9868-57a2d4851a1d" relativeResultsDirectory="f802026e-d29a-4a73-979f-4897a4516b3c" />
  </Results>
  <TestDefinitions>
    <UnitTest name="Test_Hello_IsNotPalindrome" storage="d:\workspace\test-royale\backend\temp\player_692446a022ce941a3f0cc933_1764065304158\playertests\bin\debug\net8.0\playertests.dll" id="1ba8af14-6411-4647-434a-23fa622fb8fe">
      <Execution id="2b759220-00e7-4ea3-a1f1-977dcbeb7cfd" />
      <TestMethod codeBase="D:\workspace\Test-Royale\Backend\temp\player_692446a022ce941a3f0cc933_1764065304158\PlayerTests\bin\Debug\net8.0\PlayerTests.dll" adapterTypeName="executor://mstestadapter/v2" className="PalindromeTests" name="Test_Hello_IsNotPalindrome" />
    </UnitTest>
    <UnitTest name="Test_Level_IsPalindrome" storage="d:\workspace\test-royale\backend\temp\player_692446a022ce941a3f0cc933_1764065304158\playertests\bin\debug\net8.0\playertests.dll" id="799f9de9-d9e4-bf25-cedc-ecb5a5de308b">
      <Execution id="f802026e-d29a-4a73-979f-4897a4516b3c" />
      <TestMethod codeBase="D:\workspace\Test-Royale\Backend\temp\player_692446a022ce941a3f0cc933_1764065304158\PlayerTests\bin\Debug\net8.0\PlayerTests.dll" adapterTypeName="executor://mstestadapter/v2" className="PalindromeTests" name="Test_Level_IsPalindrome" />
    </UnitTest>
  </TestDefinitions>
  <TestEntries>
    <TestEntry testId="1ba8af14-6411-4647-434a-23fa622fb8fe" executionId="2b759220-00e7-4ea3-a1f1-977dcbeb7cfd" testListId="8c84fa94-04c1-424b-9868-57a2d4851a1d" />
    <TestEntry testId="799f9de9-d9e4-bf25-cedc-ecb5a5de308b" executionId="f802026e-d29a-4a73-979f-4897a4516b3c" testListId="8c84fa94-04c1-424b-9868-57a2d4851a1d" />
  </TestEntries>
  <TestLists>
    <TestList name="Results Not in a List" id="8c84fa94-04c1-424b-9868-57a2d4851a1d" />
    <TestList name="All Loaded Results" id="19431567-8539-422a-85d7-44ee4e166bda" />
  </TestLists>
  <ResultSummary outcome="Completed">
    <Counters total="2" executed="2" passed="2" failed="0" error="0" timeout="0" aborted="0" inconclusive="0" passedButRunAborted="0" notRunnable="0" notExecuted="0" disconnected="0" warning="0" completed="0" inProgress="0" pending="0" />
    <CollectorDataEntries>
      <Collector agentName="LAPTOP-CNEJ55L0" uri="datacollector://microsoft/CoverletCodeCoverage/1.0" collectorDisplayName="XPlat code coverage">
        <UriAttachments>
          <UriAttachment>
            <A href="LAPTOP-CNEJ55L0\coverage.cobertura.xml"></A>
          </UriAttachment>
        </UriAttachments>
      </Collector>
    </CollectorDataEntries>
  </ResultSummary>
</TestRun>