<?xml version="1.0" encoding="utf-8"?>
<TestRun id="e78825be-d643-4e98-8c53-50baa70a411f" name="menna@LAPTOP-CNEJ55L0 2025-11-25 12:08:38" runUser="LAPTOP-CNEJ55L0\menna" xmlns="http://microsoft.com/schemas/VisualStudio/TeamTest/2010">
  <Times creation="2025-11-25T12:08:38.8414456+02:00" queuing="2025-11-25T12:08:38.8414460+02:00" start="2025-11-25T12:08:33.7540265+02:00" finish="2025-11-25T12:08:38.8568411+02:00" />
  <TestSettings name="default" id="6b671255-d3fc-4304-8086-2f87ae825300">
    <Deployment runDeploymentRoot="menna_LAPTOP-CNEJ55L0_2025-11-25_12_08_38" />
  </TestSettings>
  <Results>
    <UnitTestResult executionId="c89f7130-b2e8-4fcc-8921-a2d201cb3f58" testId="1ba8af14-6411-4647-434a-23fa622fb8fe" testName="Test_Hello_IsNotPalindrome" computerName="LAPTOP-CNEJ55L0" duration="00:00:00.0004313" startTime="2025-11-25T12:08:38.0342235+02:00" endTime="2025-11-25T12:08:38.0379258+02:00" testType="13cdc9d9-ddb5-4fa4-a97d-d965ccfc6d4b" outcome="Passed" testListId="8c84fa94-04c1-424b-9868-57a2d4851a1d" relativeResultsDirectory="c89f7130-b2e8-4fcc-8921-a2d201cb3f58" />
    <UnitTestResult executionId="612ac21a-4f7e-4fa1-bfab-3bea0f188e34" testId="799f9de9-d9e4-bf25-cedc-ecb5a5de308b" testName="Test_Level_IsPalindrome" computerName="LAPTOP-CNEJ55L0" duration="00:00:00.0129223" startTime="2025-11-25T12:08:37.9704961+02:00" endTime="2025-11-25T12:08:38.0104437+02:00" testType="13cdc9d9-ddb5-4fa4-a97d-d965ccfc6d4b" outcome="Passed" testListId="8c84fa94-04c1-424b-9868-57a2d4851a1d" relativeResultsDirectory="612ac21a-4f7e-4fa1-bfab-3bea0f188e34" />
  </Results>
  <TestDefinitions>
    <UnitTest name="Test_Hello_IsNotPalindrome" storage="d:\workspace\test-royale\backend\temp\player_692446a022ce941a3f0cc933_1764065296091\playertests\bin\debug\net8.0\playertests.dll" id="1ba8af14-6411-4647-434a-23fa622fb8fe">
      <Execution id="c89f7130-b2e8-4fcc-8921-a2d201cb3f58" />
      <TestMethod codeBase="D:\workspace\Test-Royale\Backend\temp\player_692446a022ce941a3f0cc933_1764065296091\PlayerTests\bin\Debug\net8.0\PlayerTests.dll" adapterTypeName="executor://mstestadapter/v2" className="PalindromeTests" name="Test_Hello_IsNotPalindrome" />
    </UnitTest>
    <UnitTest name="Test_Level_IsPalindrome" storage="d:\workspace\test-royale\backend\temp\player_692446a022ce941a3f0cc933_1764065296091\playertests\bin\debug\net8.0\playertests.dll" id="799f9de9-d9e4-bf25-cedc-ecb5a5de308b">
      <Execution id="612ac21a-4f7e-4fa1-bfab-3bea0f188e34" />
      <TestMethod codeBase="D:\workspace\Test-Royale\Backend\temp\player_692446a022ce941a3f0cc933_1764065296091\PlayerTests\bin\Debug\net8.0\PlayerTests.dll" adapterTypeName="executor://mstestadapter/v2" className="PalindromeTests" name="Test_Level_IsPalindrome" />
    </UnitTest>
  </TestDefinitions>
  <TestEntries>
    <TestEntry testId="1ba8af14-6411-4647-434a-23fa622fb8fe" executionId="c89f7130-b2e8-4fcc-8921-a2d201cb3f58" testListId="8c84fa94-04c1-424b-9868-57a2d4851a1d" />
    <TestEntry testId="799f9de9-d9e4-bf25-cedc-ecb5a5de308b" executionId="612ac21a-4f7e-4fa1-bfab-3bea0f188e34" testListId="8c84fa94-04c1-424b-9868-57a2d4851a1d" />
  </TestEntries>
  <TestLists>
    <TestList name="Results Not in a List" id="8c84fa94-04c1-424b-9868-57a2d4851a1d" />
    <TestList name="All Loaded Results" id="19431567-8539-422a-85d7-44ee4e166bda" />
  </TestLists>
  <ResultSummary outcome="Completed">
    <Counters total="2" executed="2" passed="2" failed="0" error="0" timeout="0" aborted="0" inconclusive="0" passedButRunAborted="0" notRunnable="0" notExecuted="0" disconnected="0" warning="0" completed="0" inProgress="0" pending="0" />
    <CollectorDataEntries>
      <Collector agentName="LAPTOP-CNEJ55L0" uri="datacollector://microsoft/CoverletCodeCoverage/1.0" collectorDisplayName="XPlat code coverage">
        <UriAttachments>
          <UriAttachment>
            <A href="LAPTOP-CNEJ55L0\coverage.cobertura.xml"></A>
          </UriAttachment>
        </UriAttachments>
      </Collector>
    </CollectorDataEntries>
  </ResultSummary>
</TestRun>